<?xml version="1.0" encoding="UTF-8"?>
<!-- Generated by org.testng.reporters.JUnitXMLReporter -->
<testsuite ignored="0" hostname="PattepuBhaskar" failures="0" tests="4" name="Automation_Skeleton" time="23.478" errors="0" timestamp="2025-09-13T01:38:04 IST">
  <testcase classname="TestCasess.TC001" name="verify_loginDDT" time="3.939"/>
  <testcase classname="TestCasess.TC001" name="verify_loginDDT" time="5.465"/>
  <testcase classname="TestCasess.TC001" name="verify_loginDDT" time="4.022"/>
  <testcase classname="TestCasess.TC001" name="verify_loginDDT" time="4.469"/>
</testsuite> <!-- Automation_Skeleton -->
