<?xml version="1.0" encoding="UTF-8"?>
<testng-results ignored="0" total="4" passed="4" failed="0" skipped="0">
  <reporter-output>
  </reporter-output>
  <suite started-at="2025-09-13T01:37:41 IST" name="Default Suite" finished-at="2025-09-13T01:38:04 IST" duration-ms="23478">
    <groups>
    </groups>
    <test started-at="2025-09-13T01:37:41 IST" name="Automation_Skeleton" finished-at="2025-09-13T01:38:04 IST" duration-ms="23478">
      <class name="TestCasess.TC001">
        <test-method is-config="true" signature="setUp(java.lang.String,java.lang.String)[pri:0, instance:TestCasess.TC001@74fe5c40]" started-at="2025-09-13T01:37:41 IST" name="setUp" finished-at="2025-09-13T01:37:44 IST" duration-ms="3552" status="PASS">
          <params>
            <param index="0">
              <value>
                <![CDATA[windows]]>
              </value>
            </param>
            <param index="1">
              <value>
                <![CDATA[chrome]]>
              </value>
            </param>
          </params>
          <reporter-output>
          </reporter-output>
        </test-method> <!-- setUp -->
        <test-method signature="verify_loginDDT(java.lang.String,java.lang.String,java.lang.String)[pri:0, instance:TestCasess.TC001@74fe5c40]" started-at="2025-09-13T01:37:46 IST" name="verify_loginDDT" data-provider="LoginData" finished-at="2025-09-13T01:37:50 IST" duration-ms="3939" status="PASS">
          <params>
            <param index="0">
              <value>
                <![CDATA[bhaskar@gmail.com]]>
              </value>
            </param>
            <param index="1">
              <value>
                <![CDATA[test123]]>
              </value>
            </param>
            <param index="2">
              <value>
                <![CDATA[Invalid]]>
              </value>
            </param>
          </params>
          <reporter-output>
          </reporter-output>
        </test-method> <!-- verify_loginDDT -->
        <test-method signature="verify_loginDDT(java.lang.String,java.lang.String,java.lang.String)[pri:0, instance:TestCasess.TC001@74fe5c40]" started-at="2025-09-13T01:37:50 IST" name="verify_loginDDT" data-provider="LoginData" finished-at="2025-09-13T01:37:55 IST" duration-ms="5465" status="PASS">
          <params>
            <param index="0">
              <value>
                <![CDATA[Bhaskarpattepu105@gmail.com]]>
              </value>
            </param>
            <param index="1">
              <value>
                <![CDATA[Bhaskar@123]]>
              </value>
            </param>
            <param index="2">
              <value>
                <![CDATA[Valid]]>
              </value>
            </param>
          </params>
          <reporter-output>
          </reporter-output>
        </test-method> <!-- verify_loginDDT -->
        <test-method signature="verify_loginDDT(java.lang.String,java.lang.String,java.lang.String)[pri:0, instance:TestCasess.TC001@74fe5c40]" started-at="2025-09-13T01:37:55 IST" name="verify_loginDDT" data-provider="LoginData" finished-at="2025-09-13T01:37:59 IST" duration-ms="4022" status="PASS">
          <params>
            <param index="0">
              <value>
                <![CDATA[bhaskar1@gmail.com]]>
              </value>
            </param>
            <param index="1">
              <value>
                <![CDATA[test1234]]>
              </value>
            </param>
            <param index="2">
              <value>
                <![CDATA[Invalid]]>
              </value>
            </param>
          </params>
          <reporter-output>
          </reporter-output>
        </test-method> <!-- verify_loginDDT -->
        <test-method signature="verify_loginDDT(java.lang.String,java.lang.String,java.lang.String)[pri:0, instance:TestCasess.TC001@74fe5c40]" started-at="2025-09-13T01:37:59 IST" name="verify_loginDDT" data-provider="LoginData" finished-at="2025-09-13T01:38:04 IST" duration-ms="4469" status="PASS">
          <params>
            <param index="0">
              <value>
                <![CDATA[bhaskar2@gmail.com]]>
              </value>
            </param>
            <param index="1">
              <value>
                <![CDATA[test12345]]>
              </value>
            </param>
            <param index="2">
              <value>
                <![CDATA[Invalid]]>
              </value>
            </param>
          </params>
          <reporter-output>
          </reporter-output>
        </test-method> <!-- verify_loginDDT -->
        <test-method is-config="true" signature="tearDown()[pri:0, instance:TestCasess.TC001@74fe5c40]" started-at="2025-09-13T01:38:04 IST" name="tearDown" finished-at="2025-09-13T01:38:04 IST" duration-ms="460" status="PASS">
          <reporter-output>
          </reporter-output>
        </test-method> <!-- tearDown -->
      </class> <!-- TestCasess.TC001 -->
    </test> <!-- Automation_Skeleton -->
  </suite> <!-- Default Suite -->
</testng-results>
